08 Jul 2020 16:56:22	Query	( p:_invent_v_* | p:_discover_v_*)  p:[ARG1 x, ARG2 y]  y:_bulb_n_1
08 Jul 2020 16:56:22	Dataset	EDS
08 Jul 2020 16:56:36	Query	( p:_* )  p:[ARG1 x, ARG2 y]  y:_bulb_n_1
08 Jul 2020 16:56:36	Dataset	EDS
08 Jul 2020 16:56:38	Query	( p:_* )  p:[ARG1 x, ARG2 y]  y:_bulb_n_1
08 Jul 2020 16:56:38	Dataset	EDS
08 Jul 2020 16:56:44	Query	( p:_* )  p:[ARG1 x, ARG2 y]
08 Jul 2020 16:56:44	Dataset	EDS
08 Jul 2020 16:56:44	SPARQL	PREFIX rdfs:<http://www.w3.org/2000/01/rdf-schema#>	PREFIX xsd:<http://www.w3.org/2001/XMLSchema#>	PREFIX owl:<http://www.w3.org/2002/07/owl#>	PREFIX rdf:<http://www.w3.org/1999/02/22-rdf-syntax-ns#>	PREFIX eds:<http://www.delph-in.net/rdf/eds#>	select ?graph (group_concat(?p; separator = "\t") AS ?pValues) (group_concat(?x; separator = "\t") AS ?xValues) (group_concat(?y; separator = "\t") AS ?yValues) 	where { 	  GRAPH ?graph { 	?p eds:arg2 ?y .	?p eds:arg1 ?x .	?p eds:predicate ?pTEXT .	FILTER regex(?pTEXT, "^_.*$") .	FILTER ( ( !bound(?p) || !bound(?x) || ?p!=?x ) && ( !bound(?p) || !bound(?y) || ?p!=?y ) && ( !bound(?x) || !bound(?y) || ?x!=?y ) )	}	 }	GROUP BY ?graph	ORDER BY ASC(xsd:integer(STR(?graph)))	
08 Jul 2020 16:56:53	Query	( p:_* )  p:[ARG1 x, ARG2 y]
08 Jul 2020 16:56:53	Dataset	EDS
08 Jul 2020 16:56:53	SPARQL	PREFIX rdfs:<http://www.w3.org/2000/01/rdf-schema#>	PREFIX xsd:<http://www.w3.org/2001/XMLSchema#>	PREFIX owl:<http://www.w3.org/2002/07/owl#>	PREFIX rdf:<http://www.w3.org/1999/02/22-rdf-syntax-ns#>	PREFIX eds:<http://www.delph-in.net/rdf/eds#>	select ?graph (group_concat(?p; separator = "\t") AS ?pValues) (group_concat(?x; separator = "\t") AS ?xValues) (group_concat(?y; separator = "\t") AS ?yValues) 	where { 	  GRAPH ?graph { 	?p eds:arg2 ?y .	?p eds:arg1 ?x .	?p eds:predicate ?pTEXT .	FILTER regex(?pTEXT, "^_.*$") .	FILTER ( ( !bound(?p) || !bound(?x) || ?p!=?x ) && ( !bound(?p) || !bound(?y) || ?p!=?y ) && ( !bound(?x) || !bound(?y) || ?x!=?y ) )	}	 }	GROUP BY ?graph	ORDER BY ASC(xsd:integer(STR(?graph)))	
08 Jul 2020 16:56:58	Query	( p:* )  p:[ARG1 x, ARG2 y]
08 Jul 2020 16:56:58	Dataset	EDS
08 Jul 2020 16:56:58	SPARQL	PREFIX rdfs:<http://www.w3.org/2000/01/rdf-schema#>	PREFIX xsd:<http://www.w3.org/2001/XMLSchema#>	PREFIX owl:<http://www.w3.org/2002/07/owl#>	PREFIX rdf:<http://www.w3.org/1999/02/22-rdf-syntax-ns#>	PREFIX eds:<http://www.delph-in.net/rdf/eds#>	select ?graph (group_concat(?p; separator = "\t") AS ?pValues) (group_concat(?x; separator = "\t") AS ?xValues) (group_concat(?y; separator = "\t") AS ?yValues) 	where { 	  GRAPH ?graph { 	?p eds:arg2 ?y .	?p eds:arg1 ?x .	FILTER ( ( !bound(?p) || !bound(?x) || ?p!=?x ) && ( !bound(?p) || !bound(?y) || ?p!=?y ) && ( !bound(?x) || !bound(?y) || ?x!=?y ) )	}	 }	GROUP BY ?graph	ORDER BY ASC(xsd:integer(STR(?graph)))	
08 Jul 2020 16:58:25	Query	p:[ARG1 x, ARG2 y]
08 Jul 2020 16:58:25	Dataset	EDS
08 Jul 2020 16:58:25	SPARQL	PREFIX rdfs:<http://www.w3.org/2000/01/rdf-schema#>	PREFIX xsd:<http://www.w3.org/2001/XMLSchema#>	PREFIX owl:<http://www.w3.org/2002/07/owl#>	PREFIX rdf:<http://www.w3.org/1999/02/22-rdf-syntax-ns#>	PREFIX eds:<http://www.delph-in.net/rdf/eds#>	select ?graph (group_concat(?p; separator = "\t") AS ?pValues) (group_concat(?x; separator = "\t") AS ?xValues) (group_concat(?y; separator = "\t") AS ?yValues) 	where { 	  GRAPH ?graph { 	?p eds:arg2 ?y .	?p eds:arg1 ?x .	FILTER ( ( !bound(?p) || !bound(?x) || ?p!=?x ) && ( !bound(?p) || !bound(?y) || ?p!=?y ) && ( !bound(?x) || !bound(?y) || ?x!=?y ) )	}	 }	GROUP BY ?graph	ORDER BY ASC(xsd:integer(STR(?graph)))	
08 Jul 2020 16:58:27	Query	p:[ARG1 x, ARG2 y]
08 Jul 2020 16:58:27	Dataset	EDS
08 Jul 2020 16:58:27	SPARQL	PREFIX rdfs:<http://www.w3.org/2000/01/rdf-schema#>	PREFIX xsd:<http://www.w3.org/2001/XMLSchema#>	PREFIX owl:<http://www.w3.org/2002/07/owl#>	PREFIX rdf:<http://www.w3.org/1999/02/22-rdf-syntax-ns#>	PREFIX eds:<http://www.delph-in.net/rdf/eds#>	select ?graph (group_concat(?p; separator = "\t") AS ?pValues) (group_concat(?x; separator = "\t") AS ?xValues) (group_concat(?y; separator = "\t") AS ?yValues) 	where { 	  GRAPH ?graph { 	?p eds:arg2 ?y .	?p eds:arg1 ?x .	FILTER ( ( !bound(?p) || !bound(?x) || ?p!=?x ) && ( !bound(?p) || !bound(?y) || ?p!=?y ) && ( !bound(?x) || !bound(?y) || ?x!=?y ) )	}	 }	GROUP BY ?graph	ORDER BY ASC(xsd:integer(STR(?graph)))	
08 Jul 2020 16:59:04	Query	[ARG2 x, ARG* e]    e:/v*[ARG1 x]
08 Jul 2020 16:59:04	Dataset	EDS
08 Jul 2020 16:59:05	Query	[ARG2 x, ARG* e]    e:/v*[ARG1 x]
08 Jul 2020 16:59:05	Dataset	EDS
08 Jul 2020 16:59:06	Query	[ARG2 x, ARG* e]    e:/v*[ARG1 x]
08 Jul 2020 16:59:06	Dataset	EDS
08 Jul 2020 16:59:11	Query	[ARG2 x, ARG* e]    e:*[ARG1 x]
08 Jul 2020 16:59:11	Dataset	EDS
08 Jul 2020 16:59:11	SPARQL	PREFIX rdfs:<http://www.w3.org/2000/01/rdf-schema#>	PREFIX xsd:<http://www.w3.org/2001/XMLSchema#>	PREFIX owl:<http://www.w3.org/2002/07/owl#>	PREFIX rdf:<http://www.w3.org/1999/02/22-rdf-syntax-ns#>	PREFIX eds:<http://www.delph-in.net/rdf/eds#>	select ?graph (group_concat(?100; separator = "\t") AS ?100Values) (group_concat(?e; separator = "\t") AS ?eValues) (group_concat(?x; separator = "\t") AS ?xValues) 	where { 	  GRAPH ?graph { 	?100 eds:arg2 ?x .	?e eds:arg1 ?x .	{ ?100 eds:arg2 ?e } UNION { ?100 eds:arg1 ?e }	FILTER ( ( !bound(?100) || !bound(?e) || ?100!=?e ) && ( !bound(?100) || !bound(?x) || ?100!=?x ) && ( !bound(?e) || !bound(?x) || ?e!=?x ) )	}	 }	GROUP BY ?graph	ORDER BY ASC(xsd:integer(STR(?graph)))	
08 Jul 2020 16:59:13	Query	[ARG2 x, ARG* e]    e:*[ARG1 x]
08 Jul 2020 16:59:13	Dataset	EDS
08 Jul 2020 16:59:13	SPARQL	PREFIX rdfs:<http://www.w3.org/2000/01/rdf-schema#>	PREFIX xsd:<http://www.w3.org/2001/XMLSchema#>	PREFIX owl:<http://www.w3.org/2002/07/owl#>	PREFIX rdf:<http://www.w3.org/1999/02/22-rdf-syntax-ns#>	PREFIX eds:<http://www.delph-in.net/rdf/eds#>	select ?graph (group_concat(?100; separator = "\t") AS ?100Values) (group_concat(?e; separator = "\t") AS ?eValues) (group_concat(?x; separator = "\t") AS ?xValues) 	where { 	  GRAPH ?graph { 	?100 eds:arg2 ?x .	?e eds:arg1 ?x .	{ ?100 eds:arg2 ?e } UNION { ?100 eds:arg1 ?e }	FILTER ( ( !bound(?100) || !bound(?e) || ?100!=?e ) && ( !bound(?100) || !bound(?x) || ?100!=?x ) && ( !bound(?e) || !bound(?x) || ?e!=?x ) )	}	 }	GROUP BY ?graph	ORDER BY ASC(xsd:integer(STR(?graph)))	
08 Jul 2020 17:05:16	Query	( p:_*)  p:[ARG1 x, ARG2 y]  y:_*
08 Jul 2020 17:05:16	Dataset	EDS
08 Jul 2020 17:05:16	SPARQL	PREFIX rdfs:<http://www.w3.org/2000/01/rdf-schema#>	PREFIX xsd:<http://www.w3.org/2001/XMLSchema#>	PREFIX owl:<http://www.w3.org/2002/07/owl#>	PREFIX rdf:<http://www.w3.org/1999/02/22-rdf-syntax-ns#>	PREFIX eds:<http://www.delph-in.net/rdf/eds#>	select ?graph (group_concat(?p; separator = "\t") AS ?pValues) (group_concat(?x; separator = "\t") AS ?xValues) (group_concat(?y; separator = "\t") AS ?yValues) 	where { 	  GRAPH ?graph { 	?p eds:arg2 ?y .	?p eds:arg1 ?x .	?p eds:predicate ?pTEXT .	FILTER regex(?pTEXT, "^_.*$") .	?y eds:predicate ?yTEXT .	FILTER regex(?yTEXT, "^_.*$") .	FILTER ( ( !bound(?p) || !bound(?x) || ?p!=?x ) && ( !bound(?p) || !bound(?y) || ?p!=?y ) && ( !bound(?x) || !bound(?y) || ?x!=?y ) )	}	 }	GROUP BY ?graph	ORDER BY ASC(xsd:integer(STR(?graph)))	
08 Jul 2020 17:05:19	Query	( p:_*)  p:[ARG1 x, ARG2 y]  y:_*
08 Jul 2020 17:05:19	Dataset	EDS
08 Jul 2020 17:05:19	SPARQL	PREFIX rdfs:<http://www.w3.org/2000/01/rdf-schema#>	PREFIX xsd:<http://www.w3.org/2001/XMLSchema#>	PREFIX owl:<http://www.w3.org/2002/07/owl#>	PREFIX rdf:<http://www.w3.org/1999/02/22-rdf-syntax-ns#>	PREFIX eds:<http://www.delph-in.net/rdf/eds#>	select ?graph (group_concat(?p; separator = "\t") AS ?pValues) (group_concat(?x; separator = "\t") AS ?xValues) (group_concat(?y; separator = "\t") AS ?yValues) 	where { 	  GRAPH ?graph { 	?p eds:arg2 ?y .	?p eds:arg1 ?x .	?p eds:predicate ?pTEXT .	FILTER regex(?pTEXT, "^_.*$") .	?y eds:predicate ?yTEXT .	FILTER regex(?yTEXT, "^_.*$") .	FILTER ( ( !bound(?p) || !bound(?x) || ?p!=?x ) && ( !bound(?p) || !bound(?y) || ?p!=?y ) && ( !bound(?x) || !bound(?y) || ?x!=?y ) )	}	 }	GROUP BY ?graph	ORDER BY ASC(xsd:integer(STR(?graph)))	
08 Jul 2020 17:30:36	Query	p:_*  p:[ARG1 x, ARG2 y]  y:_*
08 Jul 2020 17:30:36	Dataset	EDS
08 Jul 2020 17:30:36	SPARQL	PREFIX rdfs:<http://www.w3.org/2000/01/rdf-schema#>	PREFIX xsd:<http://www.w3.org/2001/XMLSchema#>	PREFIX owl:<http://www.w3.org/2002/07/owl#>	PREFIX rdf:<http://www.w3.org/1999/02/22-rdf-syntax-ns#>	PREFIX eds:<http://www.delph-in.net/rdf/eds#>	select ?graph (group_concat(?p; separator = "\t") AS ?pValues) (group_concat(?x; separator = "\t") AS ?xValues) (group_concat(?y; separator = "\t") AS ?yValues) 	where { 	  GRAPH ?graph { 	?p eds:arg2 ?y .	?p eds:arg1 ?x .	?p eds:predicate ?pTEXT .	FILTER regex(?pTEXT, "^_.*$") .	?y eds:predicate ?yTEXT .	FILTER regex(?yTEXT, "^_.*$") .	FILTER ( ( !bound(?p) || !bound(?x) || ?p!=?x ) && ( !bound(?p) || !bound(?y) || ?p!=?y ) && ( !bound(?x) || !bound(?y) || ?x!=?y ) )	}	 }	GROUP BY ?graph	ORDER BY ASC(xsd:integer(STR(?graph)))	
08 Jul 2020 17:33:04	Query	[* x]
08 Jul 2020 17:33:04	Dataset	EDS
08 Jul 2020 17:33:04	SPARQL	PREFIX rdfs:<http://www.w3.org/2000/01/rdf-schema#>	PREFIX xsd:<http://www.w3.org/2001/XMLSchema#>	PREFIX owl:<http://www.w3.org/2002/07/owl#>	PREFIX rdf:<http://www.w3.org/1999/02/22-rdf-syntax-ns#>	PREFIX eds:<http://www.delph-in.net/rdf/eds#>	select ?graph (group_concat(?100; separator = "\t") AS ?100Values) (group_concat(?x; separator = "\t") AS ?xValues) 	where { 	  GRAPH ?graph { 	?100 eds:role ?x .	FILTER ( ( !bound(?100) || !bound(?x) || ?100!=?x ) )	}	 }	GROUP BY ?graph	ORDER BY ASC(xsd:integer(STR(?graph)))	
08 Jul 2020 17:33:09	Query	p:_*  p:[ARG1 x, ARG2 y]  y:_*
08 Jul 2020 17:33:09	Dataset	EDS
08 Jul 2020 17:33:09	SPARQL	PREFIX rdfs:<http://www.w3.org/2000/01/rdf-schema#>	PREFIX xsd:<http://www.w3.org/2001/XMLSchema#>	PREFIX owl:<http://www.w3.org/2002/07/owl#>	PREFIX rdf:<http://www.w3.org/1999/02/22-rdf-syntax-ns#>	PREFIX eds:<http://www.delph-in.net/rdf/eds#>	select ?graph (group_concat(?p; separator = "\t") AS ?pValues) (group_concat(?x; separator = "\t") AS ?xValues) (group_concat(?y; separator = "\t") AS ?yValues) 	where { 	  GRAPH ?graph { 	?p eds:arg2 ?y .	?p eds:arg1 ?x .	?p eds:predicate ?pTEXT .	FILTER regex(?pTEXT, "^_.*$") .	?y eds:predicate ?yTEXT .	FILTER regex(?yTEXT, "^_.*$") .	FILTER ( ( !bound(?p) || !bound(?x) || ?p!=?x ) && ( !bound(?p) || !bound(?y) || ?p!=?y ) && ( !bound(?x) || !bound(?y) || ?x!=?y ) )	}	 }	GROUP BY ?graph	ORDER BY ASC(xsd:integer(STR(?graph)))	
08 Jul 2020 17:42:29	Query	p:_*  p:[ARG1 x, ARG2 y]  y:_*
08 Jul 2020 17:42:29	Dataset	EDS
08 Jul 2020 17:42:29	SPARQL	PREFIX rdfs:<http://www.w3.org/2000/01/rdf-schema#>	PREFIX xsd:<http://www.w3.org/2001/XMLSchema#>	PREFIX owl:<http://www.w3.org/2002/07/owl#>	PREFIX rdf:<http://www.w3.org/1999/02/22-rdf-syntax-ns#>	PREFIX eds:<http://www.delph-in.net/rdf/eds#>	select ?graph (group_concat(?p; separator = "\t") AS ?pValues) (group_concat(?x; separator = "\t") AS ?xValues) (group_concat(?y; separator = "\t") AS ?yValues) 	where { 	  GRAPH ?graph { 	?p eds:arg2 ?y .	?p eds:arg1 ?x .	?p eds:predicate ?pTEXT .	FILTER regex(?pTEXT, "^_.*$") .	?y eds:predicate ?yTEXT .	FILTER regex(?yTEXT, "^_.*$") .	FILTER ( ( !bound(?p) || !bound(?x) || ?p!=?x ) && ( !bound(?p) || !bound(?y) || ?p!=?y ) && ( !bound(?x) || !bound(?y) || ?x!=?y ) )	}	 }	GROUP BY ?graph	ORDER BY ASC(xsd:integer(STR(?graph)))	
